<?xml version="1.0" encoding="UTF-8"?>
<testsuite name="per.jenkins.jensample.JensampleTest" tests="1" skipped="0" failures="0" errors="0" timestamp="2017-10-16T06:58:09" hostname="1734021-C02T2A3YGTFM" time="0.0">
  <properties/>
  <testcase name="testSum" classname="per.jenkins.jensample.JensampleTest" time="0.0"/>
  <system-out><![CDATA[]]></system-out>
  <system-err><![CDATA[]]></system-err>
</testsuite>
